\BOOKMARK [1][-]{section.1}{kurze Einf\374hrung in den Themenbereich und das Projekt}{}% 1
\BOOKMARK [1][-]{section.2}{\344hnliche Projekte}{}% 2
\BOOKMARK [1][-]{section.3}{Vorverarbeitung der Daten}{}% 3
\BOOKMARK [2][-]{subsection.3.1}{Amazon-Scraper}{section.3}% 4
\BOOKMARK [2][-]{subsection.3.2}{TreeTagger}{section.3}% 5
\BOOKMARK [2][-]{subsection.3.3}{Chunks}{section.3}% 6
\BOOKMARK [1][-]{section.4}{SentiWS und Attribute}{}% 7
\BOOKMARK [2][-]{subsection.4.1}{Sentimentannotation}{section.4}% 8
\BOOKMARK [2][-]{subsection.4.2}{Attribute}{section.4}% 9
\BOOKMARK [1][-]{section.5}{Experimente und Ergebnisse}{}% 10
\BOOKMARK [2][-]{subsection.5.1}{Klassifizierer}{section.5}% 11
\BOOKMARK [2][-]{subsection.5.2}{Sentiments der Wortarten}{section.5}% 12
\BOOKMARK [2][-]{subsection.5.3}{Sentiments zu Schl\374sselw\366rter}{section.5}% 13
\BOOKMARK [2][-]{subsection.5.4}{L\344nge des Textes}{section.5}% 14
\BOOKMARK [2][-]{subsection.5.5}{Satzzeichen}{section.5}% 15
\BOOKMARK [1][-]{section.6}{Stand der Dinge und weiterer Ausblick}{}% 16
\BOOKMARK [2][-]{subsection.6.1}{Stand der Dinge}{section.6}% 17
\BOOKMARK [2][-]{subsection.6.2}{Probleme}{section.6}% 18
\BOOKMARK [2][-]{subsection.6.3}{Ausblick}{section.6}% 19
\BOOKMARK [1][-]{section.7}{Einteilung}{}% 20
\BOOKMARK [2][-]{subsection.7.1}{Caroline Berg}{section.7}% 21
\BOOKMARK [2][-]{subsection.7.2}{Simon Will}{section.7}% 22
